[  0%] Built target geometry_msgs_generate_messages_cpp
[  0%] Built target geometry_msgs_generate_messages_py
[  0%] Built target sensor_msgs_generate_messages_cpp
[  0%] Built target geometry_msgs_generate_messages_lisp
[  0%] Built target sensor_msgs_generate_messages_lisp
[  0%] Built target geometry_msgs_generate_messages_eus
[  0%] Built target sensor_msgs_generate_messages_nodejs
[  0%] Built target sensor_msgs_generate_messages_eus
[  0%] Built target geometry_msgs_generate_messages_nodejs
[  0%] Built target sensor_msgs_generate_messages_py
[35m[1mScanning dependencies of target server[0m
[35m[1mScanning dependencies of target run[0m
[ 13%] Built target scan
[ 13%] Built target _planning_generate_messages_check_deps_CameraMsg
[ 20%] Built target planning_generate_messages_cpp
[ 33%] Built target planning_generate_messages_py
[ 40%] Built target planning_generate_messages_nodejs
[ 53%] Built target planning_generate_messages_eus
[ 60%] Built target planning_generate_messages_lisp
[ 66%] [32mBuilding CXX object CMakeFiles/run.dir/src/planning.cpp.o[0m
[ 73%] [32mBuilding CXX object CMakeFiles/server.dir/src/planning.cpp.o[0m
[ 73%] Built target planning_generate_messages
[ 80%] [32m[1mLinking CXX executable /home/pilaciv/Workspaces/abb_irb140_ws/devel/.private/planning/lib/planning/run[0m
[ 86%] [32m[1mLinking CXX executable /home/pilaciv/Workspaces/abb_irb140_ws/devel/.private/planning/lib/planning/server[0m
[ 93%] Built target run
[100%] Built target server
