[  0%] Built target geometry_msgs_generate_messages_lisp
[  0%] Built target sensor_msgs_generate_messages_eus
[  0%] Built target sensor_msgs_generate_messages_cpp
[  0%] Built target sensor_msgs_generate_messages_lisp
[  0%] Built target geometry_msgs_generate_messages_eus
[  0%] Built target geometry_msgs_generate_messages_cpp
[  0%] Built target sensor_msgs_generate_messages_nodejs
[  0%] Built target geometry_msgs_generate_messages_nodejs
[  0%] Built target geometry_msgs_generate_messages_py
[35m[1mScanning dependencies of target server[0m
[ 13%] Built target scan
[ 13%] Built target sensor_msgs_generate_messages_py
[ 20%] Built target _planning_generate_messages_check_deps_CameraMsg
[ 33%] Built target run
[ 40%] Built target planning_generate_messages_cpp
[ 46%] Built target planning_generate_messages_lisp
[ 60%] Built target planning_generate_messages_eus
[ 73%] Built target planning_generate_messages_py
[ 80%] Built target planning_generate_messages_nodejs
[ 86%] [32mBuilding CXX object CMakeFiles/server.dir/src/server.cpp.o[0m
[ 86%] Built target planning_generate_messages
[ 93%] [32m[1mLinking CXX executable /home/pilaciv/Workspaces/abb_irb140_ws/devel/.private/planning/lib/planning/server[0m
[100%] Built target server
