In file included from [01m[K/opt/ros/noetic/include/tf2/convert.h:39[m[K,
                 from [01m[K/opt/ros/noetic/include/tf2_ros/buffer_interface.h:40[m[K,
                 from [01m[K/opt/ros/noetic/include/tf2_ros/buffer.h:35[m[K,
                 from [01m[K/opt/ros/noetic/include/moveit/move_group_interface/move_group_interface.h:57[m[K,
                 from [01m[K/home/pilaciv/Workspaces/abb_irb140_ws/src/planning/include/planning.h:26[m[K,
                 from [01m[K/home/pilaciv/Workspaces/abb_irb140_ws/src/planning/src/planning.cpp:1[m[K:
/opt/ros/noetic/include/tf2/impl/convert.h: In instantiation of ‘[01m[Kstatic void tf2::impl::Converter<IS_MESSAGE_A, IS_MESSAGE_B>::convert(const A&, B&) [with A = Eigen::Quaternion<double>; B = tf2::Quaternion; bool IS_MESSAGE_A = false; bool IS_MESSAGE_B = false][m[K’:
[01m[K/opt/ros/noetic/include/tf2/convert.h:116:113:[m[K   required from ‘[01m[Kvoid tf2::convert(const A&, B&) [with A = Eigen::Quaternion<double>; B = tf2::Quaternion][m[K’
[01m[K/home/pilaciv/Workspaces/abb_irb140_ws/src/planning/src/planning.cpp:34:50:[m[K   required from here
[01m[K/opt/ros/noetic/include/tf2/impl/convert.h:83:16:[m[K [01;31m[Kerror: [m[K‘[01m[KtoMsg[m[K’ was not declared in this scope, and no declarations were found by argument-dependent lookup at the point of instantiation [[01;31m[K-fpermissive[m[K]
   83 |   fromMsg([01;31m[KtoMsg(a)[m[K, b);
      |           [01;31m[K~~~~~^~~[m[K
In file included from [01m[K/opt/ros/noetic/include/tf2_ros/buffer_interface.h:40[m[K,
                 from [01m[K/opt/ros/noetic/include/tf2_ros/buffer.h:35[m[K,
                 from [01m[K/opt/ros/noetic/include/moveit/move_group_interface/move_group_interface.h:57[m[K,
                 from [01m[K/home/pilaciv/Workspaces/abb_irb140_ws/src/planning/include/planning.h:26[m[K,
                 from [01m[K/home/pilaciv/Workspaces/abb_irb140_ws/src/planning/src/planning.cpp:1[m[K:
[01m[K/opt/ros/noetic/include/tf2/convert.h:94:5:[m[K [01;36m[Knote: [m[K‘[01m[Ktemplate<class A, class B> B tf2::toMsg(const A&)[m[K’ declared here, later in the translation unit
   94 |   B [01;36m[KtoMsg[m[K(const A& a);
      |     [01;36m[K^~~~~[m[K
In file included from [01m[K/opt/ros/noetic/include/tf2/convert.h:39[m[K,
                 from [01m[K/opt/ros/noetic/include/tf2_ros/buffer_interface.h:40[m[K,
                 from [01m[K/opt/ros/noetic/include/tf2_ros/buffer.h:35[m[K,
                 from [01m[K/opt/ros/noetic/include/moveit/move_group_interface/move_group_interface.h:57[m[K,
                 from [01m[K/home/pilaciv/Workspaces/abb_irb140_ws/src/planning/include/planning.h:26[m[K,
                 from [01m[K/home/pilaciv/Workspaces/abb_irb140_ws/src/planning/src/planning.cpp:1[m[K:
[01m[K/opt/ros/noetic/include/tf2/impl/convert.h:83:16:[m[K [01;31m[Kerror: [m[Kno matching function for call to ‘[01m[KtoMsg(const Eigen::Quaternion<double>&)[m[K’
   83 |   fromMsg([01;31m[KtoMsg(a)[m[K, b);
      |           [01;31m[K~~~~~^~~[m[K
In file included from [01m[K/opt/ros/noetic/include/tf2_ros/buffer_interface.h:40[m[K,
                 from [01m[K/opt/ros/noetic/include/tf2_ros/buffer.h:35[m[K,
                 from [01m[K/opt/ros/noetic/include/moveit/move_group_interface/move_group_interface.h:57[m[K,
                 from [01m[K/home/pilaciv/Workspaces/abb_irb140_ws/src/planning/include/planning.h:26[m[K,
                 from [01m[K/home/pilaciv/Workspaces/abb_irb140_ws/src/planning/src/planning.cpp:1[m[K:
[01m[K/opt/ros/noetic/include/tf2/convert.h:94:5:[m[K [01;36m[Knote: [m[Kcandidate: ‘[01m[Ktemplate<class A, class B> B tf2::toMsg(const A&)[m[K’
   94 |   B [01;36m[KtoMsg[m[K(const A& a);
      |     [01;36m[K^~~~~[m[K
[01m[K/opt/ros/noetic/include/tf2/convert.h:94:5:[m[K [01;36m[Knote: [m[K  template argument deduction/substitution failed:
In file included from [01m[K/opt/ros/noetic/include/tf2/convert.h:39[m[K,
                 from [01m[K/opt/ros/noetic/include/tf2_ros/buffer_interface.h:40[m[K,
                 from [01m[K/opt/ros/noetic/include/tf2_ros/buffer.h:35[m[K,
                 from [01m[K/opt/ros/noetic/include/moveit/move_group_interface/move_group_interface.h:57[m[K,
                 from [01m[K/home/pilaciv/Workspaces/abb_irb140_ws/src/planning/include/planning.h:26[m[K,
                 from [01m[K/home/pilaciv/Workspaces/abb_irb140_ws/src/planning/src/planning.cpp:1[m[K:
[01m[K/opt/ros/noetic/include/tf2/impl/convert.h:83:16:[m[K [01;36m[Knote: [m[K  couldn’t deduce template parameter ‘[01m[KB[m[K’
   83 |   fromMsg([01;36m[KtoMsg(a)[m[K, b);
      |           [01;36m[K~~~~~^~~[m[K
/opt/ros/noetic/include/tf2/impl/convert.h: In instantiation of ‘[01m[Kstatic void tf2::impl::Converter<IS_MESSAGE_A, IS_MESSAGE_B>::convert(const A&, B&) [with A = tf2::Quaternion; B = geometry_msgs::Quaternion_<std::allocator<void> >; bool IS_MESSAGE_A = false; bool IS_MESSAGE_B = true][m[K’:
[01m[K/opt/ros/noetic/include/tf2/convert.h:116:113:[m[K   required from ‘[01m[Kvoid tf2::convert(const A&, B&) [with A = tf2::Quaternion; B = geometry_msgs::Quaternion_<std::allocator<void> >][m[K’
[01m[K/home/pilaciv/Workspaces/abb_irb140_ws/src/planning/src/planning.cpp:35:53:[m[K   required from here
[01m[K/opt/ros/noetic/include/tf2/impl/convert.h:72:12:[m[K [01;31m[Kerror: [m[Kno matching function for call to ‘[01m[KtoMsg(const tf2::Quaternion&)[m[K’
   72 |   b = [01;31m[KtoMsg(a)[m[K;
      |       [01;31m[K~~~~~^~~[m[K
In file included from [01m[K/opt/ros/noetic/include/tf2_ros/buffer_interface.h:40[m[K,
                 from [01m[K/opt/ros/noetic/include/tf2_ros/buffer.h:35[m[K,
                 from [01m[K/opt/ros/noetic/include/moveit/move_group_interface/move_group_interface.h:57[m[K,
                 from [01m[K/home/pilaciv/Workspaces/abb_irb140_ws/src/planning/include/planning.h:26[m[K,
                 from [01m[K/home/pilaciv/Workspaces/abb_irb140_ws/src/planning/src/planning.cpp:1[m[K:
[01m[K/opt/ros/noetic/include/tf2/convert.h:94:5:[m[K [01;36m[Knote: [m[Kcandidate: ‘[01m[Ktemplate<class A, class B> B tf2::toMsg(const A&)[m[K’
   94 |   B [01;36m[KtoMsg[m[K(const A& a);
      |     [01;36m[K^~~~~[m[K
[01m[K/opt/ros/noetic/include/tf2/convert.h:94:5:[m[K [01;36m[Knote: [m[K  template argument deduction/substitution failed:
In file included from [01m[K/opt/ros/noetic/include/tf2/convert.h:39[m[K,
                 from [01m[K/opt/ros/noetic/include/tf2_ros/buffer_interface.h:40[m[K,
                 from [01m[K/opt/ros/noetic/include/tf2_ros/buffer.h:35[m[K,
                 from [01m[K/opt/ros/noetic/include/moveit/move_group_interface/move_group_interface.h:57[m[K,
                 from [01m[K/home/pilaciv/Workspaces/abb_irb140_ws/src/planning/include/planning.h:26[m[K,
                 from [01m[K/home/pilaciv/Workspaces/abb_irb140_ws/src/planning/src/planning.cpp:1[m[K:
[01m[K/opt/ros/noetic/include/tf2/impl/convert.h:72:12:[m[K [01;36m[Knote: [m[K  couldn’t deduce template parameter ‘[01m[KB[m[K’
   72 |   b = [01;36m[KtoMsg(a)[m[K;
      |       [01;36m[K~~~~~^~~[m[K
In file included from [01m[K/opt/ros/noetic/include/tf2/convert.h:39[m[K,
                 from [01m[K/opt/ros/noetic/include/tf2_ros/buffer_interface.h:40[m[K,
                 from [01m[K/opt/ros/noetic/include/tf2_ros/buffer.h:35[m[K,
                 from [01m[K/opt/ros/noetic/include/moveit/move_group_interface/move_group_interface.h:57[m[K,
                 from [01m[K/home/pilaciv/Workspaces/abb_irb140_ws/src/planning/include/planning.h:26[m[K,
                 from [01m[K/home/pilaciv/Workspaces/abb_irb140_ws/src/planning/src/planning.cpp:1[m[K:
/opt/ros/noetic/include/tf2/impl/convert.h: In instantiation of ‘[01m[Kstatic void tf2::impl::Converter<IS_MESSAGE_A, IS_MESSAGE_B>::convert(const A&, B&) [with A = Eigen::Quaternion<double>; B = tf2::Quaternion; bool IS_MESSAGE_A = false; bool IS_MESSAGE_B = false][m[K’:
[01m[K/opt/ros/noetic/include/tf2/convert.h:116:113:[m[K   required from ‘[01m[Kvoid tf2::convert(const A&, B&) [with A = Eigen::Quaternion<double>; B = tf2::Quaternion][m[K’
[01m[K/home/pilaciv/Workspaces/abb_irb140_ws/src/planning/src/planning.cpp:34:50:[m[K   required from here
[01m[K/opt/ros/noetic/include/tf2/impl/convert.h:83:16:[m[K [01;31m[Kerror: [m[K‘[01m[KtoMsg[m[K’ was not declared in this scope, and no declarations were found by argument-dependent lookup at the point of instantiation [[01;31m[K-fpermissive[m[K]
   83 |   fromMsg([01;31m[KtoMsg(a)[m[K, b);
      |           [01;31m[K~~~~~^~~[m[K
In file included from [01m[K/opt/ros/noetic/include/tf2_ros/buffer_interface.h:40[m[K,
                 from [01m[K/opt/ros/noetic/include/tf2_ros/buffer.h:35[m[K,
                 from [01m[K/opt/ros/noetic/include/moveit/move_group_interface/move_group_interface.h:57[m[K,
                 from [01m[K/home/pilaciv/Workspaces/abb_irb140_ws/src/planning/include/planning.h:26[m[K,
                 from [01m[K/home/pilaciv/Workspaces/abb_irb140_ws/src/planning/src/planning.cpp:1[m[K:
[01m[K/opt/ros/noetic/include/tf2/convert.h:94:5:[m[K [01;36m[Knote: [m[K‘[01m[Ktemplate<class A, class B> B tf2::toMsg(const A&)[m[K’ declared here, later in the translation unit
   94 |   B [01;36m[KtoMsg[m[K(const A& a);
      |     [01;36m[K^~~~~[m[K
In file included from [01m[K/opt/ros/noetic/include/tf2/convert.h:39[m[K,
                 from [01m[K/opt/ros/noetic/include/tf2_ros/buffer_interface.h:40[m[K,
                 from [01m[K/opt/ros/noetic/include/tf2_ros/buffer.h:35[m[K,
                 from [01m[K/opt/ros/noetic/include/moveit/move_group_interface/move_group_interface.h:57[m[K,
                 from [01m[K/home/pilaciv/Workspaces/abb_irb140_ws/src/planning/include/planning.h:26[m[K,
                 from [01m[K/home/pilaciv/Workspaces/abb_irb140_ws/src/planning/src/planning.cpp:1[m[K:
[01m[K/opt/ros/noetic/include/tf2/impl/convert.h:83:16:[m[K [01;31m[Kerror: [m[Kno matching function for call to ‘[01m[KtoMsg(const Eigen::Quaternion<double>&)[m[K’
   83 |   fromMsg([01;31m[KtoMsg(a)[m[K, b);
      |           [01;31m[K~~~~~^~~[m[K
In file included from [01m[K/opt/ros/noetic/include/tf2_ros/buffer_interface.h:40[m[K,
                 from [01m[K/opt/ros/noetic/include/tf2_ros/buffer.h:35[m[K,
                 from [01m[K/opt/ros/noetic/include/moveit/move_group_interface/move_group_interface.h:57[m[K,
                 from [01m[K/home/pilaciv/Workspaces/abb_irb140_ws/src/planning/include/planning.h:26[m[K,
                 from [01m[K/home/pilaciv/Workspaces/abb_irb140_ws/src/planning/src/planning.cpp:1[m[K:
[01m[K/opt/ros/noetic/include/tf2/convert.h:94:5:[m[K [01;36m[Knote: [m[Kcandidate: ‘[01m[Ktemplate<class A, class B> B tf2::toMsg(const A&)[m[K’
   94 |   B [01;36m[KtoMsg[m[K(const A& a);
      |     [01;36m[K^~~~~[m[K
[01m[K/opt/ros/noetic/include/tf2/convert.h:94:5:[m[K [01;36m[Knote: [m[K  template argument deduction/substitution failed:
In file included from [01m[K/opt/ros/noetic/include/tf2/convert.h:39[m[K,
                 from [01m[K/opt/ros/noetic/include/tf2_ros/buffer_interface.h:40[m[K,
                 from [01m[K/opt/ros/noetic/include/tf2_ros/buffer.h:35[m[K,
                 from [01m[K/opt/ros/noetic/include/moveit/move_group_interface/move_group_interface.h:57[m[K,
                 from [01m[K/home/pilaciv/Workspaces/abb_irb140_ws/src/planning/include/planning.h:26[m[K,
                 from [01m[K/home/pilaciv/Workspaces/abb_irb140_ws/src/planning/src/planning.cpp:1[m[K:
[01m[K/opt/ros/noetic/include/tf2/impl/convert.h:83:16:[m[K [01;36m[Knote: [m[K  couldn’t deduce template parameter ‘[01m[KB[m[K’
   83 |   fromMsg([01;36m[KtoMsg(a)[m[K, b);
      |           [01;36m[K~~~~~^~~[m[K
/opt/ros/noetic/include/tf2/impl/convert.h: In instantiation of ‘[01m[Kstatic void tf2::impl::Converter<IS_MESSAGE_A, IS_MESSAGE_B>::convert(const A&, B&) [with A = tf2::Quaternion; B = geometry_msgs::Quaternion_<std::allocator<void> >; bool IS_MESSAGE_A = false; bool IS_MESSAGE_B = true][m[K’:
[01m[K/opt/ros/noetic/include/tf2/convert.h:116:113:[m[K   required from ‘[01m[Kvoid tf2::convert(const A&, B&) [with A = tf2::Quaternion; B = geometry_msgs::Quaternion_<std::allocator<void> >][m[K’
[01m[K/home/pilaciv/Workspaces/abb_irb140_ws/src/planning/src/planning.cpp:35:53:[m[K   required from here
[01m[K/opt/ros/noetic/include/tf2/impl/convert.h:72:12:[m[K [01;31m[Kerror: [m[Kno matching function for call to ‘[01m[KtoMsg(const tf2::Quaternion&)[m[K’
   72 |   b = [01;31m[KtoMsg(a)[m[K;
      |       [01;31m[K~~~~~^~~[m[K
In file included from [01m[K/opt/ros/noetic/include/tf2_ros/buffer_interface.h:40[m[K,
                 from [01m[K/opt/ros/noetic/include/tf2_ros/buffer.h:35[m[K,
                 from [01m[K/opt/ros/noetic/include/moveit/move_group_interface/move_group_interface.h:57[m[K,
                 from [01m[K/home/pilaciv/Workspaces/abb_irb140_ws/src/planning/include/planning.h:26[m[K,
                 from [01m[K/home/pilaciv/Workspaces/abb_irb140_ws/src/planning/src/planning.cpp:1[m[K:
[01m[K/opt/ros/noetic/include/tf2/convert.h:94:5:[m[K [01;36m[Knote: [m[Kcandidate: ‘[01m[Ktemplate<class A, class B> B tf2::toMsg(const A&)[m[K’
   94 |   B [01;36m[KtoMsg[m[K(const A& a);
      |     [01;36m[K^~~~~[m[K
[01m[K/opt/ros/noetic/include/tf2/convert.h:94:5:[m[K [01;36m[Knote: [m[K  template argument deduction/substitution failed:
In file included from [01m[K/opt/ros/noetic/include/tf2/convert.h:39[m[K,
                 from [01m[K/opt/ros/noetic/include/tf2_ros/buffer_interface.h:40[m[K,
                 from [01m[K/opt/ros/noetic/include/tf2_ros/buffer.h:35[m[K,
                 from [01m[K/opt/ros/noetic/include/moveit/move_group_interface/move_group_interface.h:57[m[K,
                 from [01m[K/home/pilaciv/Workspaces/abb_irb140_ws/src/planning/include/planning.h:26[m[K,
                 from [01m[K/home/pilaciv/Workspaces/abb_irb140_ws/src/planning/src/planning.cpp:1[m[K:
[01m[K/opt/ros/noetic/include/tf2/impl/convert.h:72:12:[m[K [01;36m[Knote: [m[K  couldn’t deduce template parameter ‘[01m[KB[m[K’
   72 |   b = [01;36m[KtoMsg(a)[m[K;
      |       [01;36m[K~~~~~^~~[m[K
make[2]: *** [CMakeFiles/run.dir/build.make:76: CMakeFiles/run.dir/src/planning.cpp.o] Error 1
make[1]: *** [CMakeFiles/Makefile2:2096: CMakeFiles/run.dir/all] Error 2
make[1]: *** Waiting for unfinished jobs....
make[2]: *** [CMakeFiles/server.dir/build.make:76: CMakeFiles/server.dir/src/planning.cpp.o] Error 1
make[1]: *** [CMakeFiles/Makefile2:1203: CMakeFiles/server.dir/all] Error 2
make: *** [Makefile:141: all] Error 2
