Linked: (/home/pilaciv/Workspaces/abb_irb140_ws/devel/.private/planning/include/planning/CameraMsgRequest.h, /home/pilaciv/Workspaces/abb_irb140_ws/devel/include/planning/CameraMsgRequest.h)
Linked: (/home/pilaciv/Workspaces/abb_irb140_ws/devel/.private/planning/include/planning/CameraMsgResponse.h, /home/pilaciv/Workspaces/abb_irb140_ws/devel/include/planning/CameraMsgResponse.h)
Linked: (/home/pilaciv/Workspaces/abb_irb140_ws/devel/.private/planning/include/planning/CameraMsg.h, /home/pilaciv/Workspaces/abb_irb140_ws/devel/include/planning/CameraMsg.h)
Linked: (/home/pilaciv/Workspaces/abb_irb140_ws/devel/.private/planning/share/planning/cmake/planningConfig.cmake, /home/pilaciv/Workspaces/abb_irb140_ws/devel/share/planning/cmake/planningConfig.cmake)
Linked: (/home/pilaciv/Workspaces/abb_irb140_ws/devel/.private/planning/share/planning/cmake/planning-msg-extras.cmake, /home/pilaciv/Workspaces/abb_irb140_ws/devel/share/planning/cmake/planning-msg-extras.cmake)
Linked: (/home/pilaciv/Workspaces/abb_irb140_ws/devel/.private/planning/share/planning/cmake/planningConfig-version.cmake, /home/pilaciv/Workspaces/abb_irb140_ws/devel/share/planning/cmake/planningConfig-version.cmake)
Linked: (/home/pilaciv/Workspaces/abb_irb140_ws/devel/.private/planning/share/planning/cmake/planning-msg-paths.cmake, /home/pilaciv/Workspaces/abb_irb140_ws/devel/share/planning/cmake/planning-msg-paths.cmake)
Linked: (/home/pilaciv/Workspaces/abb_irb140_ws/devel/.private/planning/share/common-lisp/ros/planning/srv/planning-srv.asd, /home/pilaciv/Workspaces/abb_irb140_ws/devel/share/common-lisp/ros/planning/srv/planning-srv.asd)
Linked: (/home/pilaciv/Workspaces/abb_irb140_ws/devel/.private/planning/share/common-lisp/ros/planning/srv/_package.lisp, /home/pilaciv/Workspaces/abb_irb140_ws/devel/share/common-lisp/ros/planning/srv/_package.lisp)
Linked: (/home/pilaciv/Workspaces/abb_irb140_ws/devel/.private/planning/share/common-lisp/ros/planning/srv/_package_CameraMsg.lisp, /home/pilaciv/Workspaces/abb_irb140_ws/devel/share/common-lisp/ros/planning/srv/_package_CameraMsg.lisp)
Linked: (/home/pilaciv/Workspaces/abb_irb140_ws/devel/.private/planning/share/common-lisp/ros/planning/srv/CameraMsg.lisp, /home/pilaciv/Workspaces/abb_irb140_ws/devel/share/common-lisp/ros/planning/srv/CameraMsg.lisp)
Linked: (/home/pilaciv/Workspaces/abb_irb140_ws/devel/.private/planning/share/roseus/ros/planning/manifest.l, /home/pilaciv/Workspaces/abb_irb140_ws/devel/share/roseus/ros/planning/manifest.l)
Linked: (/home/pilaciv/Workspaces/abb_irb140_ws/devel/.private/planning/share/roseus/ros/planning/srv/CameraMsg.l, /home/pilaciv/Workspaces/abb_irb140_ws/devel/share/roseus/ros/planning/srv/CameraMsg.l)
Linked: (/home/pilaciv/Workspaces/abb_irb140_ws/devel/.private/planning/share/gennodejs/ros/planning/_index.js, /home/pilaciv/Workspaces/abb_irb140_ws/devel/share/gennodejs/ros/planning/_index.js)
Linked: (/home/pilaciv/Workspaces/abb_irb140_ws/devel/.private/planning/share/gennodejs/ros/planning/srv/CameraMsg.js, /home/pilaciv/Workspaces/abb_irb140_ws/devel/share/gennodejs/ros/planning/srv/CameraMsg.js)
Linked: (/home/pilaciv/Workspaces/abb_irb140_ws/devel/.private/planning/share/gennodejs/ros/planning/srv/_index.js, /home/pilaciv/Workspaces/abb_irb140_ws/devel/share/gennodejs/ros/planning/srv/_index.js)
Linked: (/home/pilaciv/Workspaces/abb_irb140_ws/devel/.private/planning/lib/planning/scan, /home/pilaciv/Workspaces/abb_irb140_ws/devel/lib/planning/scan)
Linked: (/home/pilaciv/Workspaces/abb_irb140_ws/devel/.private/planning/lib/planning/run, /home/pilaciv/Workspaces/abb_irb140_ws/devel/lib/planning/run)
Linked: (/home/pilaciv/Workspaces/abb_irb140_ws/devel/.private/planning/lib/planning/server, /home/pilaciv/Workspaces/abb_irb140_ws/devel/lib/planning/server)
Linked: (/home/pilaciv/Workspaces/abb_irb140_ws/devel/.private/planning/lib/pkgconfig/planning.pc, /home/pilaciv/Workspaces/abb_irb140_ws/devel/lib/pkgconfig/planning.pc)
Linked: (/home/pilaciv/Workspaces/abb_irb140_ws/devel/.private/planning/lib/python3/dist-packages/planning/__init__.py, /home/pilaciv/Workspaces/abb_irb140_ws/devel/lib/python3/dist-packages/planning/__init__.py)
Linked: (/home/pilaciv/Workspaces/abb_irb140_ws/devel/.private/planning/lib/python3/dist-packages/planning/srv/__init__.py, /home/pilaciv/Workspaces/abb_irb140_ws/devel/lib/python3/dist-packages/planning/srv/__init__.py)
Linked: (/home/pilaciv/Workspaces/abb_irb140_ws/devel/.private/planning/lib/python3/dist-packages/planning/srv/_CameraMsg.py, /home/pilaciv/Workspaces/abb_irb140_ws/devel/lib/python3/dist-packages/planning/srv/_CameraMsg.py)
