[  0%] Built target sensor_msgs_generate_messages_lisp
[  0%] Built target geometry_msgs_generate_messages_nodejs
[  0%] Built target geometry_msgs_generate_messages_eus
[  0%] Built target geometry_msgs_generate_messages_py
[  0%] Built target geometry_msgs_generate_messages_lisp
[  0%] Built target sensor_msgs_generate_messages_cpp
[  0%] Built target sensor_msgs_generate_messages_eus
[  0%] Built target sensor_msgs_generate_messages_nodejs
[  0%] Built target geometry_msgs_generate_messages_cpp
[35m[1mScanning dependencies of target run[0m
[  0%] Built target sensor_msgs_generate_messages_py
[ 13%] Built target scan
[ 33%] Built target server
[ 33%] Built target _planning_generate_messages_check_deps_CameraMsg
[ 60%] Built target planning_generate_messages_nodejs
[ 66%] Built target planning_generate_messages_py
[ 73%] Built target planning_generate_messages_eus
[ 73%] Built target planning_generate_messages_cpp
[ 80%] Built target planning_generate_messages_lisp
[ 86%] [32mBuilding CXX object CMakeFiles/run.dir/src/run.cpp.o[0m
[ 86%] Built target planning_generate_messages
[ 93%] [32m[1mLinking CXX executable /home/pilaciv/Workspaces/abb_irb140_ws/devel/.private/planning/lib/planning/run[0m
[100%] Built target run
