[01m[K/home/pilaciv/Workspaces/abb_irb140_ws/src/planning/src/planning.cpp:[m[K In member function ‘[01m[Kvoid my_planning::MyPlanningClass::setQuaternion()[m[K’:
[01m[K/home/pilaciv/Workspaces/abb_irb140_ws/src/planning/src/planning.cpp:65:24:[m[K [01;31m[Kerror: [m[Kinvalid operands of types ‘[01m[K<unresolved overloaded function type>[m[K’ and ‘[01m[K<unresolved overloaded function type>[m[K’ to binary ‘[01m[Koperator<<[m[K’
   65 |             [01;31m[Kstd::count << quaternion.x[m[K << std::endl;
      |             [01;31m[K~~~~~~~~~~~^~~~~~~~~~~~~~~[m[K
[01m[K/home/pilaciv/Workspaces/abb_irb140_ws/src/planning/src/planning.cpp:66:24:[m[K [01;31m[Kerror: [m[Kinvalid operands of types ‘[01m[K<unresolved overloaded function type>[m[K’ and ‘[01m[K<unresolved overloaded function type>[m[K’ to binary ‘[01m[Koperator<<[m[K’
   66 |             [01;31m[Kstd::count << quaternion.y[m[K << std::endl;
      |             [01;31m[K~~~~~~~~~~~^~~~~~~~~~~~~~~[m[K
[01m[K/home/pilaciv/Workspaces/abb_irb140_ws/src/planning/src/planning.cpp:67:24:[m[K [01;31m[Kerror: [m[Kinvalid operands of types ‘[01m[K<unresolved overloaded function type>[m[K’ and ‘[01m[K<unresolved overloaded function type>[m[K’ to binary ‘[01m[Koperator<<[m[K’
   67 |             [01;31m[Kstd::count << quaternion.z[m[K << std::endl;
      |             [01;31m[K~~~~~~~~~~~^~~~~~~~~~~~~~~[m[K
[01m[K/home/pilaciv/Workspaces/abb_irb140_ws/src/planning/src/planning.cpp:68:24:[m[K [01;31m[Kerror: [m[Kinvalid operands of types ‘[01m[K<unresolved overloaded function type>[m[K’ and ‘[01m[K<unresolved overloaded function type>[m[K’ to binary ‘[01m[Koperator<<[m[K’
   68 |             [01;31m[Kstd::count << quaternion.w[m[K << std::endl;
      |             [01;31m[K~~~~~~~~~~~^~~~~~~~~~~~~~~[m[K
[01m[K/home/pilaciv/Workspaces/abb_irb140_ws/src/planning/src/planning.cpp:[m[K In member function ‘[01m[Kvoid my_planning::MyPlanningClass::setQuaternion()[m[K’:
[01m[K/home/pilaciv/Workspaces/abb_irb140_ws/src/planning/src/planning.cpp:65:24:[m[K [01;31m[Kerror: [m[Kinvalid operands of types ‘[01m[K<unresolved overloaded function type>[m[K’ and ‘[01m[K<unresolved overloaded function type>[m[K’ to binary ‘[01m[Koperator<<[m[K’
   65 |             [01;31m[Kstd::count << quaternion.x[m[K << std::endl;
      |             [01;31m[K~~~~~~~~~~~^~~~~~~~~~~~~~~[m[K
[01m[K/home/pilaciv/Workspaces/abb_irb140_ws/src/planning/src/planning.cpp:66:24:[m[K [01;31m[Kerror: [m[Kinvalid operands of types ‘[01m[K<unresolved overloaded function type>[m[K’ and ‘[01m[K<unresolved overloaded function type>[m[K’ to binary ‘[01m[Koperator<<[m[K’
   66 |             [01;31m[Kstd::count << quaternion.y[m[K << std::endl;
      |             [01;31m[K~~~~~~~~~~~^~~~~~~~~~~~~~~[m[K
[01m[K/home/pilaciv/Workspaces/abb_irb140_ws/src/planning/src/planning.cpp:67:24:[m[K [01;31m[Kerror: [m[Kinvalid operands of types ‘[01m[K<unresolved overloaded function type>[m[K’ and ‘[01m[K<unresolved overloaded function type>[m[K’ to binary ‘[01m[Koperator<<[m[K’
   67 |             [01;31m[Kstd::count << quaternion.z[m[K << std::endl;
      |             [01;31m[K~~~~~~~~~~~^~~~~~~~~~~~~~~[m[K
[01m[K/home/pilaciv/Workspaces/abb_irb140_ws/src/planning/src/planning.cpp:68:24:[m[K [01;31m[Kerror: [m[Kinvalid operands of types ‘[01m[K<unresolved overloaded function type>[m[K’ and ‘[01m[K<unresolved overloaded function type>[m[K’ to binary ‘[01m[Koperator<<[m[K’
   68 |             [01;31m[Kstd::count << quaternion.w[m[K << std::endl;
      |             [01;31m[K~~~~~~~~~~~^~~~~~~~~~~~~~~[m[K
make[2]: *** [CMakeFiles/server.dir/build.make:76: CMakeFiles/server.dir/src/planning.cpp.o] Error 1
make[1]: *** [CMakeFiles/Makefile2:1203: CMakeFiles/server.dir/all] Error 2
make[1]: *** Waiting for unfinished jobs....
make[2]: *** [CMakeFiles/run.dir/build.make:76: CMakeFiles/run.dir/src/planning.cpp.o] Error 1
make[1]: *** [CMakeFiles/Makefile2:2096: CMakeFiles/run.dir/all] Error 2
make: *** [Makefile:141: all] Error 2
